<?xml version="1.0" encoding="UTF-8"?>
<!-- Generated by org.testng.reporters.JUnitXMLReporter -->
<testsuite hostname="OJAS-DD57" ignored="0" name="Default test" tests="16" failures="0" timestamp="2020-01-21T13:01:40 IST" time="317.161" errors="0">
  <testcase name="setUpEventModel" time="7.578" classname="com.PigeonHole.RegressionScripts.PigeonHole_CreateQuizSessions"/>
  <testcase name="createSessionWithPollQuestions" time="68.919" classname="com.PigeonHole.RegressionScripts.PigeonHole_CreateQuizSessions"/>
  <testcase name="startSession" time="20.555" classname="com.PigeonHole.RegressionScripts.PigeonHole_CreateQuizSessions"/>
  <testcase name="selectAdminPanel" time="22.367" classname="com.PigeonHole.RegressionScripts.PigeonHole_CreateQuizSessions"/>
  <testcase name="selectProjectorPanel" time="20.446" classname="com.PigeonHole.RegressionScripts.PigeonHole_CreateQuizSessions"/>
  <testcase name="clickCastYourVote" time="14.306" classname="com.PigeonHole.RegressionScripts.PigeonHole_CreateQuizSessions"/>
  <testcase name="seeOneParticipant" time="6.194" classname="com.PigeonHole.RegressionScripts.PigeonHole_CreateQuizSessions"/>
  <testcase name="shouldSeeCountdown" time="8.227" classname="com.PigeonHole.RegressionScripts.PigeonHole_CreateQuizSessions"/>
  <testcase name="imageToEnlarge" time="8.241" classname="com.PigeonHole.RegressionScripts.PigeonHole_CreateQuizSessions"/>
  <testcase name="leaderboardScreen" time="28.293" classname="com.PigeonHole.RegressionScripts.PigeonHole_CreateQuizSessions"/>
  <testcase name="checkTheScore" time="4.139" classname="com.PigeonHole.RegressionScripts.PigeonHole_CreateQuizSessions"/>
  <testcase name="quizPaused" time="2.092" classname="com.PigeonHole.RegressionScripts.PigeonHole_CreateQuizSessions"/>
  <testcase name="clickResumeButton" time="4.109" classname="com.PigeonHole.RegressionScripts.PigeonHole_CreateQuizSessions"/>
  <testcase name="shouldSeeWellDoneAndSorryText" time="65.18" classname="com.PigeonHole.RegressionScripts.PigeonHole_CreateQuizSessions"/>
  <testcase name="seeScoreInAdminPanel" time="9.13" classname="com.PigeonHole.RegressionScripts.PigeonHole_CreateQuizSessions"/>
  <testcase name="seeScoreInProjectorPanel" time="11.154" classname="com.PigeonHole.RegressionScripts.PigeonHole_CreateQuizSessions"/>
</testsuite> <!-- Default test -->
