<?xml version="1.0" encoding="UTF-8"?>
<!-- Generated by org.testng.reporters.JUnitXMLReporter -->
<testsuite hostname="OJAS-DD57" ignored="0" name="Test" tests="55" failures="0" timestamp="2020-01-21T13:17:08 IST" time="559.884" errors="0">
  <testcase name="clickAsiaLeadershipConference" time="7.107" classname="com.PigeonHole.RegressionScripts.PigeonHole_QA_Test"/>
  <testcase name="QuestionAndAnswer" time="11.27" classname="com.PigeonHole.RegressionScripts.PigeonHole_QA_Test"/>
  <testcase name="AdminPanel" time="10.379" classname="com.PigeonHole.RegressionScripts.PigeonHole_QA_Test"/>
  <testcase name="ProjectorPanel" time="10.329" classname="com.PigeonHole.RegressionScripts.PigeonHole_QA_Test"/>
  <testcase name="checkQuestionsFiltering" time="3.639" classname="com.PigeonHole.RegressionScripts.PigeonHole_QA_Test"/>
  <testcase name="QuestionFiltering" time="23.56" classname="com.PigeonHole.RegressionScripts.PigeonHole_QA_Test"/>
  <testcase name="shouldNotSeeTheQuestionInProjectorPanel" time="2.113" classname="com.PigeonHole.RegressionScripts.PigeonHole_QA_Test"/>
  <testcase name="questionPendingApproval_GreenText" time="6.535" classname="com.PigeonHole.RegressionScripts.PigeonHole_QA_Test"/>
  <testcase name="shouldSeeTheQuestionInAWA" time="2.062" classname="com.PigeonHole.RegressionScripts.PigeonHole_QA_Test"/>
  <testcase name="inProjectorPanelShouldSeeTheQuestionYouHaveJustApproved" time="2.105" classname="com.PigeonHole.RegressionScripts.PigeonHole_QA_Test"/>
  <testcase name="clickActive" time="2.141" classname="com.PigeonHole.RegressionScripts.PigeonHole_QA_Test"/>
  <testcase name="shouldSeeTheQuestionInProjectorPanel" time="2.093" classname="com.PigeonHole.RegressionScripts.PigeonHole_QA_Test"/>
  <testcase name="clickAnswered" time="2.108" classname="com.PigeonHole.RegressionScripts.PigeonHole_QA_Test"/>
  <testcase name="seeAnswered" time="2.102" classname="com.PigeonHole.RegressionScripts.PigeonHole_QA_Test"/>
  <testcase name="shouldNotSeeThisQuestionAnymore" time="2.091" classname="com.PigeonHole.RegressionScripts.PigeonHole_QA_Test"/>
  <testcase name="clickLoudSpeakerIcon" time="2.124" classname="com.PigeonHole.RegressionScripts.PigeonHole_QA_Test"/>
  <testcase name="clickSaveForLater" time="0.765" classname="com.PigeonHole.RegressionScripts.PigeonHole_QA_Test"/>
  <testcase name="clickSendAndConfirm" time="2.76" classname="com.PigeonHole.RegressionScripts.PigeonHole_QA_Test"/>
  <testcase name="clickClose" time="2.127" classname="com.PigeonHole.RegressionScripts.PigeonHole_QA_Test"/>
  <testcase name="viewsAndClickAssertion" time="2.925" classname="com.PigeonHole.RegressionScripts.PigeonHole_QA_Test"/>
  <testcase name="Add_Pigeonhole" time="0.366" classname="com.PigeonHole.RegressionScripts.PigeonHole_MultipleChoicePoll_Test"/>
  <testcase name="eventCreation" time="4.342" classname="com.PigeonHole.RegressionScripts.PigeonHole_MultipleChoicePoll_Test"/>
  <testcase name="addSession" time="4.548" classname="com.PigeonHole.RegressionScripts.PigeonHole_MultipleChoicePoll_Test"/>
  <testcase name="multipleChoicePoll" time="1.992" classname="com.PigeonHole.RegressionScripts.PigeonHole_MultipleChoicePoll_Test"/>
  <testcase name="numericScale" time="3.241" classname="com.PigeonHole.RegressionScripts.PigeonHole_MultipleChoicePoll_Test"/>
  <testcase name="draggableScale" time="3.213" classname="com.PigeonHole.RegressionScripts.PigeonHole_MultipleChoicePoll_Test"/>
  <testcase name="iconRating" time="1.701" classname="com.PigeonHole.RegressionScripts.PigeonHole_MultipleChoicePoll_Test"/>
  <testcase name="attendeeCheckBox" time="0.41" classname="com.PigeonHole.RegressionScripts.PigeonHole_MultipleChoicePoll_Test"/>
  <testcase name="iconAndEventNameAssertion" time="1.636" classname="com.PigeonHole.RegressionScripts.PigeonHole_MultipleChoicePoll_Test"/>
  <testcase name="editNextButtonClick" time="0.821" classname="com.PigeonHole.RegressionScripts.PigeonHole_MultipleChoicePoll_Test"/>
  <testcase name="AudienceWebApp" time="8.334" classname="com.PigeonHole.RegressionScripts.PigeonHole_MultipleChoicePoll_Test"/>
  <testcase name="AdminPanel" time="10.39" classname="com.PigeonHole.RegressionScripts.PigeonHole_MultipleChoicePoll_Test"/>
  <testcase name="ProjectorPanel" time="10.355" classname="com.PigeonHole.RegressionScripts.PigeonHole_MultipleChoicePoll_Test"/>
  <testcase name="castYourVote" time="4.619" classname="com.PigeonHole.RegressionScripts.PigeonHole_MultipleChoicePoll_Test"/>
  <testcase name="votedOptionAndPercentageInAdminPanel" time="4.832" classname="com.PigeonHole.RegressionScripts.PigeonHole_MultipleChoicePoll_Test"/>
  <testcase name="votedOptionAndPercentageInProjectorPanel" time="3.383" classname="com.PigeonHole.RegressionScripts.PigeonHole_MultipleChoicePoll_Test"/>
  <testcase name="ThankYouForParticipating" time="40.522" classname="com.PigeonHole.RegressionScripts.PigeonHole_MultipleChoicePoll_Test"/>
  <testcase name="summaryOfThePoll" time="4.237" classname="com.PigeonHole.RegressionScripts.PigeonHole_MultipleChoicePoll_Test"/>
  <testcase name="verifyFinalCount" time="2.148" classname="com.PigeonHole.RegressionScripts.PigeonHole_MultipleChoicePoll_Test"/>
  <testcase name="setUpEventModel" time="7.508" classname="com.PigeonHole.RegressionScripts.PigeonHole_CreateQuizSessions"/>
  <testcase name="createSessionWithPollQuestions" time="68.908" classname="com.PigeonHole.RegressionScripts.PigeonHole_CreateQuizSessions"/>
  <testcase name="startSession" time="20.575" classname="com.PigeonHole.RegressionScripts.PigeonHole_CreateQuizSessions"/>
  <testcase name="selectAdminPanel" time="22.332" classname="com.PigeonHole.RegressionScripts.PigeonHole_CreateQuizSessions"/>
  <testcase name="selectProjectorPanel" time="20.403" classname="com.PigeonHole.RegressionScripts.PigeonHole_CreateQuizSessions"/>
  <testcase name="clickCastYourVote" time="14.323" classname="com.PigeonHole.RegressionScripts.PigeonHole_CreateQuizSessions"/>
  <testcase name="seeOneParticipant" time="6.225" classname="com.PigeonHole.RegressionScripts.PigeonHole_CreateQuizSessions"/>
  <testcase name="shouldSeeCountdown" time="8.207" classname="com.PigeonHole.RegressionScripts.PigeonHole_CreateQuizSessions"/>
  <testcase name="imageToEnlarge" time="8.252" classname="com.PigeonHole.RegressionScripts.PigeonHole_CreateQuizSessions"/>
  <testcase name="leaderboardScreen" time="28.315" classname="com.PigeonHole.RegressionScripts.PigeonHole_CreateQuizSessions"/>
  <testcase name="checkTheScore" time="4.119" classname="com.PigeonHole.RegressionScripts.PigeonHole_CreateQuizSessions"/>
  <testcase name="quizPaused" time="2.097" classname="com.PigeonHole.RegressionScripts.PigeonHole_CreateQuizSessions"/>
  <testcase name="clickResumeButton" time="4.124" classname="com.PigeonHole.RegressionScripts.PigeonHole_CreateQuizSessions"/>
  <testcase name="shouldSeeWellDoneAndSorryText" time="65.151" classname="com.PigeonHole.RegressionScripts.PigeonHole_CreateQuizSessions"/>
  <testcase name="seeScoreInAdminPanel" time="9.13" classname="com.PigeonHole.RegressionScripts.PigeonHole_CreateQuizSessions"/>
  <testcase name="seeScoreInProjectorPanel" time="11.166" classname="com.PigeonHole.RegressionScripts.PigeonHole_CreateQuizSessions"/>
</testsuite> <!-- Test -->
