<?xml version="1.0" encoding="UTF-8"?>
<!-- Generated by org.testng.reporters.JUnitXMLReporter -->
<testsuite hostname="OJAS00217" ignored="0" name="CreateQuizSessions_Test" tests="14" failures="0" timestamp="22 Jan 2020 14:55:20 GMT" time="323.31" errors="0">
  <testcase name="setUpEventModel" time="9.367" classname="com.PigeonHole.RegressionScripts.PigeonHole_CreateQuizSessions"/>
  <testcase name="createSessionWithPollQuestions" time="71.825" classname="com.PigeonHole.RegressionScripts.PigeonHole_CreateQuizSessions"/>
  <testcase name="ValidateSessionInAWSPage" time="20.459" classname="com.PigeonHole.RegressionScripts.PigeonHole_CreateQuizSessions"/>
  <testcase name="ValidateSessionInAdminPannel" time="20.258" classname="com.PigeonHole.RegressionScripts.PigeonHole_CreateQuizSessions"/>
  <testcase name="ValidateSessionInProjectorPannel" time="22.224" classname="com.PigeonHole.RegressionScripts.PigeonHole_CreateQuizSessions"/>
  <testcase name="ValidateParticipantsInAdminpanel" time="12.214" classname="com.PigeonHole.RegressionScripts.PigeonHole_CreateQuizSessions"/>
  <testcase name="ValidateParticipantsInProjectorpanel" time="8.127" classname="com.PigeonHole.RegressionScripts.PigeonHole_CreateQuizSessions"/>
  <testcase name="StartQuizAndSeeCountdownInAdminpanel" time="6.135" classname="com.PigeonHole.RegressionScripts.PigeonHole_CreateQuizSessions"/>
  <testcase name="AnswerTheFirstQuestion" time="10.164" classname="com.PigeonHole.RegressionScripts.PigeonHole_CreateQuizSessions"/>
  <testcase name="ValidateAdminpanelScore" time="28.194" classname="com.PigeonHole.RegressionScripts.PigeonHole_CreateQuizSessions"/>
  <testcase name="ValidateProjectorpanelScore" time="6.12" classname="com.PigeonHole.RegressionScripts.PigeonHole_CreateQuizSessions"/>
  <testcase name="AnswerSecondQuestionAndValidateFinalScoreInAWAPage" time="69.174" classname="com.PigeonHole.RegressionScripts.PigeonHole_CreateQuizSessions"/>
  <testcase name="ValidateFinalScoreInAdminpanel" time="9.072" classname="com.PigeonHole.RegressionScripts.PigeonHole_CreateQuizSessions"/>
  <testcase name="ValidateFinalScoreInProjectorpanel" time="13.067" classname="com.PigeonHole.RegressionScripts.PigeonHole_CreateQuizSessions"/>
</testsuite> <!-- CreateQuizSessions_Test -->
