<?xml version="1.0" encoding="UTF-8"?>
<!-- Generated by org.testng.reporters.JUnitXMLReporter -->
<testsuite hostname="OJAS00217" ignored="0" name="MultipleChoicePoll_Test" tests="22" failures="0" timestamp="22 Jan 2020 14:49:57 GMT" time="140.948" errors="0">
  <testcase name="addPigeonhole" time="2.354" classname="com.PigeonHole.RegressionScripts.PigeonHole_MultipleChoicePoll_Test"/>
  <testcase name="eventCreation" time="4.409" classname="com.PigeonHole.RegressionScripts.PigeonHole_MultipleChoicePoll_Test"/>
  <testcase name="addSession" time="6.829" classname="com.PigeonHole.RegressionScripts.PigeonHole_MultipleChoicePoll_Test"/>
  <testcase name="addTextOrImagePollQuestion" time="2.108" classname="com.PigeonHole.RegressionScripts.PigeonHole_MultipleChoicePoll_Test"/>
  <testcase name="addNumericScalePollQuestion" time="3.222" classname="com.PigeonHole.RegressionScripts.PigeonHole_MultipleChoicePoll_Test"/>
  <testcase name="addDraggableScalePollQuestion" time="3.19" classname="com.PigeonHole.RegressionScripts.PigeonHole_MultipleChoicePoll_Test"/>
  <testcase name="addIconRatingPollQuestion" time="1.684" classname="com.PigeonHole.RegressionScripts.PigeonHole_MultipleChoicePoll_Test"/>
  <testcase name="selectAttendeeCheckBox" time="2.143" classname="com.PigeonHole.RegressionScripts.PigeonHole_MultipleChoicePoll_Test"/>
  <testcase name="iconAndEventNameAssertion" time="1.765" classname="com.PigeonHole.RegressionScripts.PigeonHole_MultipleChoicePoll_Test"/>
  <testcase name="startSession" time="0.77" classname="com.PigeonHole.RegressionScripts.PigeonHole_MultipleChoicePoll_Test"/>
  <testcase name="validateSessionInAudienceWebApp" time="8.352" classname="com.PigeonHole.RegressionScripts.PigeonHole_MultipleChoicePoll_Test"/>
  <testcase name="validateSessionInAdminPanel" time="10.339" classname="com.PigeonHole.RegressionScripts.PigeonHole_MultipleChoicePoll_Test"/>
  <testcase name="validateSessionInProjectorPanel" time="10.368" classname="com.PigeonHole.RegressionScripts.PigeonHole_MultipleChoicePoll_Test"/>
  <testcase name="castYourVote" time="4.558" classname="com.PigeonHole.RegressionScripts.PigeonHole_MultipleChoicePoll_Test"/>
  <testcase name="VerifyVotedOptionAndPercentageInAdminPanel" time="7.798" classname="com.PigeonHole.RegressionScripts.PigeonHole_MultipleChoicePoll_Test"/>
  <testcase name="veifyVotedOptionAndPercentageInProjectorPanel" time="6.425" classname="com.PigeonHole.RegressionScripts.PigeonHole_MultipleChoicePoll_Test"/>
  <testcase name="verifyNumericalPollQuestionVoteAverage" time="10.975" classname="com.PigeonHole.RegressionScripts.PigeonHole_MultipleChoicePoll_Test"/>
  <testcase name="verifyDragagablePollQuestionVoteAverage" time="16.816" classname="com.PigeonHole.RegressionScripts.PigeonHole_MultipleChoicePoll_Test"/>
  <testcase name="verifyIconRattingPollQuestionVoteAverage" time="10.487" classname="com.PigeonHole.RegressionScripts.PigeonHole_MultipleChoicePoll_Test"/>
  <testcase name="verifyThankYouForParticipating" time="4.141" classname="com.PigeonHole.RegressionScripts.PigeonHole_MultipleChoicePoll_Test"/>
  <testcase name="checkSummaryOfThePoll" time="4.232" classname="com.PigeonHole.RegressionScripts.PigeonHole_MultipleChoicePoll_Test"/>
  <testcase name="verifyFinalCount" time="2.136" classname="com.PigeonHole.RegressionScripts.PigeonHole_MultipleChoicePoll_Test"/>
</testsuite> <!-- MultipleChoicePoll_Test -->
