<?xml version="1.0" encoding="UTF-8"?>
<testng-results skipped="0" failed="0" ignored="0" total="56" passed="56">
  <reporter-output>
  </reporter-output>
  <suite name="PigeonHole" duration-ms="585812" started-at="2020-01-22T14:45:35Z" finished-at="2020-01-22T14:55:20Z">
    <groups>
    </groups>
    <test name="QA_Test" duration-ms="121519" started-at="2020-01-22T14:45:35Z" finished-at="2020-01-22T14:47:36Z">
      <class name="com.PigeonHole.RegressionScripts.PigeonHole_QA_Test">
        <test-method status="PASS" signature="init()[pri:0, instance:com.PigeonHole.RegressionScripts.PigeonHole_QA_Test@7ec58feb]" name="init" is-config="true" duration-ms="17036" started-at="2020-01-22T14:45:35Z" finished-at="2020-01-22T14:45:52Z">
          <reporter-output>
          </reporter-output>
        </test-method> <!-- init -->
        <test-method status="PASS" signature="clickAsiaLeadershipConferenceAndFirestQuestion()[pri:1, instance:com.PigeonHole.RegressionScripts.PigeonHole_QA_Test@7ec58feb]" name="clickAsiaLeadershipConferenceAndFirestQuestion" duration-ms="17784" started-at="2020-01-22T14:45:52Z" finished-at="2020-01-22T14:46:09Z">
          <reporter-output>
          </reporter-output>
        </test-method> <!-- clickAsiaLeadershipConferenceAndFirestQuestion -->
        <test-method status="PASS" signature="clickVoteAndCheckVoteCount()[pri:2, instance:com.PigeonHole.RegressionScripts.PigeonHole_QA_Test@7ec58feb]" name="clickVoteAndCheckVoteCount" duration-ms="4111" started-at="2020-01-22T14:46:09Z" finished-at="2020-01-22T14:46:14Z">
          <reporter-output>
          </reporter-output>
        </test-method> <!-- clickVoteAndCheckVoteCount -->
        <test-method status="PASS" signature="verifyFirstQuestionInAdminPanel()[pri:3, instance:com.PigeonHole.RegressionScripts.PigeonHole_QA_Test@7ec58feb]" name="verifyFirstQuestionInAdminPanel" duration-ms="10370" started-at="2020-01-22T14:46:14Z" finished-at="2020-01-22T14:46:24Z">
          <reporter-output>
          </reporter-output>
        </test-method> <!-- verifyFirstQuestionInAdminPanel -->
        <test-method status="PASS" signature="verifyFirstQuestionInProjectorPanel()[pri:4, instance:com.PigeonHole.RegressionScripts.PigeonHole_QA_Test@7ec58feb]" name="verifyFirstQuestionInProjectorPanel" duration-ms="10330" started-at="2020-01-22T14:46:24Z" finished-at="2020-01-22T14:46:34Z">
          <reporter-output>
          </reporter-output>
        </test-method> <!-- verifyFirstQuestionInProjectorPanel -->
        <test-method status="PASS" signature="checkQuestionsFiltering()[pri:5, instance:com.PigeonHole.RegressionScripts.PigeonHole_QA_Test@7ec58feb]" name="checkQuestionsFiltering" duration-ms="23100" started-at="2020-01-22T14:46:34Z" finished-at="2020-01-22T14:46:57Z">
          <reporter-output>
          </reporter-output>
        </test-method> <!-- checkQuestionsFiltering -->
        <test-method status="PASS" signature="addSecondQuestion()[pri:6, instance:com.PigeonHole.RegressionScripts.PigeonHole_QA_Test@7ec58feb]" name="addSecondQuestion" duration-ms="4444" started-at="2020-01-22T14:46:57Z" finished-at="2020-01-22T14:47:02Z">
          <reporter-output>
          </reporter-output>
        </test-method> <!-- addSecondQuestion -->
        <test-method status="PASS" signature="verifySecondQuestionInProjectorPanel()[pri:7, instance:com.PigeonHole.RegressionScripts.PigeonHole_QA_Test@7ec58feb]" name="verifySecondQuestionInProjectorPanel" duration-ms="2099" started-at="2020-01-22T14:47:02Z" finished-at="2020-01-22T14:47:04Z">
          <reporter-output>
          </reporter-output>
        </test-method> <!-- verifySecondQuestionInProjectorPanel -->
        <test-method status="PASS" signature="questionPendingApproval()[pri:8, instance:com.PigeonHole.RegressionScripts.PigeonHole_QA_Test@7ec58feb]" name="questionPendingApproval" duration-ms="6501" started-at="2020-01-22T14:47:04Z" finished-at="2020-01-22T14:47:10Z">
          <reporter-output>
          </reporter-output>
        </test-method> <!-- questionPendingApproval -->
        <test-method status="PASS" signature="shouldSeeSecondQuestionInAWA()[pri:9, instance:com.PigeonHole.RegressionScripts.PigeonHole_QA_Test@7ec58feb]" name="shouldSeeSecondQuestionInAWA" duration-ms="2060" started-at="2020-01-22T14:47:10Z" finished-at="2020-01-22T14:47:12Z">
          <reporter-output>
          </reporter-output>
        </test-method> <!-- shouldSeeSecondQuestionInAWA -->
        <test-method status="PASS" signature="shouldSeeSecondQuestionInProjectorPanel()[pri:10, instance:com.PigeonHole.RegressionScripts.PigeonHole_QA_Test@7ec58feb]" name="shouldSeeSecondQuestionInProjectorPanel" duration-ms="2106" started-at="2020-01-22T14:47:12Z" finished-at="2020-01-22T14:47:15Z">
          <reporter-output>
          </reporter-output>
        </test-method> <!-- shouldSeeSecondQuestionInProjectorPanel -->
        <test-method status="PASS" signature="clickActive()[pri:11, instance:com.PigeonHole.RegressionScripts.PigeonHole_QA_Test@7ec58feb]" name="clickActive" duration-ms="2117" started-at="2020-01-22T14:47:15Z" finished-at="2020-01-22T14:47:17Z">
          <reporter-output>
          </reporter-output>
        </test-method> <!-- clickActive -->
        <test-method status="PASS" signature="verifySecondQuestionStatusInProjectorPanel()[pri:12, instance:com.PigeonHole.RegressionScripts.PigeonHole_QA_Test@7ec58feb]" name="verifySecondQuestionStatusInProjectorPanel" duration-ms="2090" started-at="2020-01-22T14:47:17Z" finished-at="2020-01-22T14:47:19Z">
          <reporter-output>
          </reporter-output>
        </test-method> <!-- verifySecondQuestionStatusInProjectorPanel -->
        <test-method status="PASS" signature="clickAnswered()[pri:13, instance:com.PigeonHole.RegressionScripts.PigeonHole_QA_Test@7ec58feb]" name="clickAnswered" duration-ms="2129" started-at="2020-01-22T14:47:19Z" finished-at="2020-01-22T14:47:21Z">
          <reporter-output>
          </reporter-output>
        </test-method> <!-- clickAnswered -->
        <test-method status="PASS" signature="verifySecondQuestionAnswerStatusInAWAPage()[pri:14, instance:com.PigeonHole.RegressionScripts.PigeonHole_QA_Test@7ec58feb]" name="verifySecondQuestionAnswerStatusInAWAPage" duration-ms="2090" started-at="2020-01-22T14:47:21Z" finished-at="2020-01-22T14:47:23Z">
          <reporter-output>
          </reporter-output>
        </test-method> <!-- verifySecondQuestionAnswerStatusInAWAPage -->
        <test-method status="PASS" signature="shouldNotSeeThisQuestionAnymore()[pri:15, instance:com.PigeonHole.RegressionScripts.PigeonHole_QA_Test@7ec58feb]" name="shouldNotSeeThisQuestionAnymore" duration-ms="2094" started-at="2020-01-22T14:47:23Z" finished-at="2020-01-22T14:47:25Z">
          <reporter-output>
          </reporter-output>
        </test-method> <!-- shouldNotSeeThisQuestionAnymore -->
        <test-method status="PASS" signature="clickLoudSpeakerIcon()[pri:16, instance:com.PigeonHole.RegressionScripts.PigeonHole_QA_Test@7ec58feb]" name="clickLoudSpeakerIcon" duration-ms="2101" started-at="2020-01-22T14:47:25Z" finished-at="2020-01-22T14:47:27Z">
          <reporter-output>
          </reporter-output>
        </test-method> <!-- clickLoudSpeakerIcon -->
        <test-method status="PASS" signature="clickSaveForLater()[pri:17, instance:com.PigeonHole.RegressionScripts.PigeonHole_QA_Test@7ec58feb]" name="clickSaveForLater" duration-ms="729" started-at="2020-01-22T14:47:27Z" finished-at="2020-01-22T14:47:28Z">
          <reporter-output>
          </reporter-output>
        </test-method> <!-- clickSaveForLater -->
        <test-method status="PASS" signature="clickSendAndConfirm()[pri:18, instance:com.PigeonHole.RegressionScripts.PigeonHole_QA_Test@7ec58feb]" name="clickSendAndConfirm" duration-ms="2775" started-at="2020-01-22T14:47:28Z" finished-at="2020-01-22T14:47:31Z">
          <reporter-output>
          </reporter-output>
        </test-method> <!-- clickSendAndConfirm -->
        <test-method status="PASS" signature="closeAnnouncementPopUp()[pri:19, instance:com.PigeonHole.RegressionScripts.PigeonHole_QA_Test@7ec58feb]" name="closeAnnouncementPopUp" duration-ms="2130" started-at="2020-01-22T14:47:31Z" finished-at="2020-01-22T14:47:33Z">
          <reporter-output>
          </reporter-output>
        </test-method> <!-- closeAnnouncementPopUp -->
        <test-method status="PASS" signature="verifyVewsAndClicksCount()[pri:20, instance:com.PigeonHole.RegressionScripts.PigeonHole_QA_Test@7ec58feb]" name="verifyVewsAndClicksCount" duration-ms="2155" started-at="2020-01-22T14:47:33Z" finished-at="2020-01-22T14:47:35Z">
          <reporter-output>
          </reporter-output>
        </test-method> <!-- verifyVewsAndClicksCount -->
        <test-method status="PASS" signature="quitDriversession()[pri:0, instance:com.PigeonHole.RegressionScripts.PigeonHole_QA_Test@7ec58feb]" name="quitDriversession" is-config="true" duration-ms="1132" started-at="2020-01-22T14:47:35Z" finished-at="2020-01-22T14:47:36Z">
          <reporter-output>
          </reporter-output>
        </test-method> <!-- quitDriversession -->
      </class> <!-- com.PigeonHole.RegressionScripts.PigeonHole_QA_Test -->
    </test> <!-- QA_Test -->
    <test name="MultipleChoicePoll_Test" duration-ms="140948" started-at="2020-01-22T14:47:36Z" finished-at="2020-01-22T14:49:57Z">
      <class name="com.PigeonHole.RegressionScripts.PigeonHole_MultipleChoicePoll_Test">
        <test-method status="PASS" signature="appLaunch()[pri:0, instance:com.PigeonHole.RegressionScripts.PigeonHole_MultipleChoicePoll_Test@6f9ab79d]" name="appLaunch" is-config="true" duration-ms="14792" started-at="2020-01-22T14:47:36Z" finished-at="2020-01-22T14:47:51Z">
          <reporter-output>
          </reporter-output>
        </test-method> <!-- appLaunch -->
        <test-method status="PASS" signature="addPigeonhole()[pri:1, instance:com.PigeonHole.RegressionScripts.PigeonHole_MultipleChoicePoll_Test@6f9ab79d]" name="addPigeonhole" duration-ms="2354" started-at="2020-01-22T14:47:51Z" finished-at="2020-01-22T14:47:53Z">
          <reporter-output>
          </reporter-output>
        </test-method> <!-- addPigeonhole -->
        <test-method status="PASS" signature="eventCreation()[pri:2, instance:com.PigeonHole.RegressionScripts.PigeonHole_MultipleChoicePoll_Test@6f9ab79d]" name="eventCreation" duration-ms="4409" started-at="2020-01-22T14:47:53Z" finished-at="2020-01-22T14:47:58Z">
          <reporter-output>
          </reporter-output>
        </test-method> <!-- eventCreation -->
        <test-method status="PASS" signature="addSession()[pri:3, instance:com.PigeonHole.RegressionScripts.PigeonHole_MultipleChoicePoll_Test@6f9ab79d]" name="addSession" duration-ms="6829" started-at="2020-01-22T14:47:58Z" finished-at="2020-01-22T14:48:04Z">
          <reporter-output>
          </reporter-output>
        </test-method> <!-- addSession -->
        <test-method status="PASS" signature="addTextOrImagePollQuestion()[pri:4, instance:com.PigeonHole.RegressionScripts.PigeonHole_MultipleChoicePoll_Test@6f9ab79d]" name="addTextOrImagePollQuestion" duration-ms="2108" started-at="2020-01-22T14:48:04Z" finished-at="2020-01-22T14:48:07Z">
          <reporter-output>
          </reporter-output>
        </test-method> <!-- addTextOrImagePollQuestion -->
        <test-method status="PASS" signature="addNumericScalePollQuestion()[pri:5, instance:com.PigeonHole.RegressionScripts.PigeonHole_MultipleChoicePoll_Test@6f9ab79d]" name="addNumericScalePollQuestion" duration-ms="3222" started-at="2020-01-22T14:48:07Z" finished-at="2020-01-22T14:48:10Z">
          <reporter-output>
          </reporter-output>
        </test-method> <!-- addNumericScalePollQuestion -->
        <test-method status="PASS" signature="addDraggableScalePollQuestion()[pri:6, instance:com.PigeonHole.RegressionScripts.PigeonHole_MultipleChoicePoll_Test@6f9ab79d]" name="addDraggableScalePollQuestion" duration-ms="3190" started-at="2020-01-22T14:48:10Z" finished-at="2020-01-22T14:48:13Z">
          <reporter-output>
          </reporter-output>
        </test-method> <!-- addDraggableScalePollQuestion -->
        <test-method status="PASS" signature="addIconRatingPollQuestion()[pri:7, instance:com.PigeonHole.RegressionScripts.PigeonHole_MultipleChoicePoll_Test@6f9ab79d]" name="addIconRatingPollQuestion" duration-ms="1684" started-at="2020-01-22T14:48:13Z" finished-at="2020-01-22T14:48:15Z">
          <reporter-output>
          </reporter-output>
        </test-method> <!-- addIconRatingPollQuestion -->
        <test-method status="PASS" signature="selectAttendeeCheckBox()[pri:8, instance:com.PigeonHole.RegressionScripts.PigeonHole_MultipleChoicePoll_Test@6f9ab79d]" name="selectAttendeeCheckBox" duration-ms="2143" started-at="2020-01-22T14:48:15Z" finished-at="2020-01-22T14:48:17Z">
          <reporter-output>
          </reporter-output>
        </test-method> <!-- selectAttendeeCheckBox -->
        <test-method status="PASS" signature="iconAndEventNameAssertion()[pri:9, instance:com.PigeonHole.RegressionScripts.PigeonHole_MultipleChoicePoll_Test@6f9ab79d]" name="iconAndEventNameAssertion" duration-ms="1765" started-at="2020-01-22T14:48:17Z" finished-at="2020-01-22T14:48:19Z">
          <reporter-output>
          </reporter-output>
        </test-method> <!-- iconAndEventNameAssertion -->
        <test-method status="PASS" signature="startSession()[pri:10, instance:com.PigeonHole.RegressionScripts.PigeonHole_MultipleChoicePoll_Test@6f9ab79d]" name="startSession" duration-ms="770" started-at="2020-01-22T14:48:19Z" finished-at="2020-01-22T14:48:19Z">
          <reporter-output>
          </reporter-output>
        </test-method> <!-- startSession -->
        <test-method status="PASS" signature="validateSessionInAudienceWebApp()[pri:11, instance:com.PigeonHole.RegressionScripts.PigeonHole_MultipleChoicePoll_Test@6f9ab79d]" name="validateSessionInAudienceWebApp" duration-ms="8352" started-at="2020-01-22T14:48:19Z" finished-at="2020-01-22T14:48:28Z">
          <reporter-output>
          </reporter-output>
        </test-method> <!-- validateSessionInAudienceWebApp -->
        <test-method status="PASS" signature="validateSessionInAdminPanel()[pri:12, instance:com.PigeonHole.RegressionScripts.PigeonHole_MultipleChoicePoll_Test@6f9ab79d]" name="validateSessionInAdminPanel" duration-ms="10339" started-at="2020-01-22T14:48:28Z" finished-at="2020-01-22T14:48:38Z">
          <reporter-output>
          </reporter-output>
        </test-method> <!-- validateSessionInAdminPanel -->
        <test-method status="PASS" signature="validateSessionInProjectorPanel()[pri:13, instance:com.PigeonHole.RegressionScripts.PigeonHole_MultipleChoicePoll_Test@6f9ab79d]" name="validateSessionInProjectorPanel" duration-ms="10368" started-at="2020-01-22T14:48:38Z" finished-at="2020-01-22T14:48:48Z">
          <reporter-output>
          </reporter-output>
        </test-method> <!-- validateSessionInProjectorPanel -->
        <test-method status="PASS" signature="castYourVote()[pri:14, instance:com.PigeonHole.RegressionScripts.PigeonHole_MultipleChoicePoll_Test@6f9ab79d]" name="castYourVote" duration-ms="4558" started-at="2020-01-22T14:48:48Z" finished-at="2020-01-22T14:48:53Z">
          <reporter-output>
          </reporter-output>
        </test-method> <!-- castYourVote -->
        <test-method status="PASS" signature="VerifyVotedOptionAndPercentageInAdminPanel()[pri:15, instance:com.PigeonHole.RegressionScripts.PigeonHole_MultipleChoicePoll_Test@6f9ab79d]" name="VerifyVotedOptionAndPercentageInAdminPanel" duration-ms="7798" started-at="2020-01-22T14:48:53Z" finished-at="2020-01-22T14:49:01Z">
          <reporter-output>
          </reporter-output>
        </test-method> <!-- VerifyVotedOptionAndPercentageInAdminPanel -->
        <test-method status="PASS" signature="veifyVotedOptionAndPercentageInProjectorPanel()[pri:16, instance:com.PigeonHole.RegressionScripts.PigeonHole_MultipleChoicePoll_Test@6f9ab79d]" name="veifyVotedOptionAndPercentageInProjectorPanel" duration-ms="6425" started-at="2020-01-22T14:49:01Z" finished-at="2020-01-22T14:49:07Z">
          <reporter-output>
          </reporter-output>
        </test-method> <!-- veifyVotedOptionAndPercentageInProjectorPanel -->
        <test-method status="PASS" signature="verifyNumericalPollQuestionVoteAverage()[pri:17, instance:com.PigeonHole.RegressionScripts.PigeonHole_MultipleChoicePoll_Test@6f9ab79d]" name="verifyNumericalPollQuestionVoteAverage" duration-ms="10975" started-at="2020-01-22T14:49:07Z" finished-at="2020-01-22T14:49:18Z">
          <reporter-output>
          </reporter-output>
        </test-method> <!-- verifyNumericalPollQuestionVoteAverage -->
        <test-method status="PASS" signature="verifyDragagablePollQuestionVoteAverage()[pri:18, instance:com.PigeonHole.RegressionScripts.PigeonHole_MultipleChoicePoll_Test@6f9ab79d]" name="verifyDragagablePollQuestionVoteAverage" duration-ms="16816" started-at="2020-01-22T14:49:18Z" finished-at="2020-01-22T14:49:35Z">
          <reporter-output>
          </reporter-output>
        </test-method> <!-- verifyDragagablePollQuestionVoteAverage -->
        <test-method status="PASS" signature="verifyIconRattingPollQuestionVoteAverage()[pri:19, instance:com.PigeonHole.RegressionScripts.PigeonHole_MultipleChoicePoll_Test@6f9ab79d]" name="verifyIconRattingPollQuestionVoteAverage" duration-ms="10487" started-at="2020-01-22T14:49:35Z" finished-at="2020-01-22T14:49:45Z">
          <reporter-output>
          </reporter-output>
        </test-method> <!-- verifyIconRattingPollQuestionVoteAverage -->
        <test-method status="PASS" signature="verifyThankYouForParticipating()[pri:20, instance:com.PigeonHole.RegressionScripts.PigeonHole_MultipleChoicePoll_Test@6f9ab79d]" name="verifyThankYouForParticipating" duration-ms="4141" started-at="2020-01-22T14:49:45Z" finished-at="2020-01-22T14:49:50Z">
          <reporter-output>
          </reporter-output>
        </test-method> <!-- verifyThankYouForParticipating -->
        <test-method status="PASS" signature="checkSummaryOfThePoll()[pri:21, instance:com.PigeonHole.RegressionScripts.PigeonHole_MultipleChoicePoll_Test@6f9ab79d]" name="checkSummaryOfThePoll" duration-ms="4232" started-at="2020-01-22T14:49:50Z" finished-at="2020-01-22T14:49:54Z">
          <reporter-output>
          </reporter-output>
        </test-method> <!-- checkSummaryOfThePoll -->
        <test-method status="PASS" signature="verifyFinalCount()[pri:22, instance:com.PigeonHole.RegressionScripts.PigeonHole_MultipleChoicePoll_Test@6f9ab79d]" name="verifyFinalCount" duration-ms="2136" started-at="2020-01-22T14:49:54Z" finished-at="2020-01-22T14:49:56Z">
          <reporter-output>
          </reporter-output>
        </test-method> <!-- verifyFinalCount -->
        <test-method status="PASS" signature="quitDriversession()[pri:0, instance:com.PigeonHole.RegressionScripts.PigeonHole_MultipleChoicePoll_Test@6f9ab79d]" name="quitDriversession" is-config="true" duration-ms="1039" started-at="2020-01-22T14:49:56Z" finished-at="2020-01-22T14:49:57Z">
          <reporter-output>
          </reporter-output>
        </test-method> <!-- quitDriversession -->
      </class> <!-- com.PigeonHole.RegressionScripts.PigeonHole_MultipleChoicePoll_Test -->
    </test> <!-- MultipleChoicePoll_Test -->
    <test name="CreateQuizSessions_Test" duration-ms="323310" started-at="2020-01-22T14:49:57Z" finished-at="2020-01-22T14:55:20Z">
      <class name="com.PigeonHole.RegressionScripts.PigeonHole_CreateQuizSessions">
        <test-method status="PASS" signature="appLaunch()[pri:0, instance:com.PigeonHole.RegressionScripts.PigeonHole_CreateQuizSessions@6f4adaab]" name="appLaunch" is-config="true" duration-ms="15801" started-at="2020-01-22T14:49:57Z" finished-at="2020-01-22T14:50:13Z">
          <reporter-output>
          </reporter-output>
        </test-method> <!-- appLaunch -->
        <test-method status="PASS" signature="setUpEventModel()[pri:1, instance:com.PigeonHole.RegressionScripts.PigeonHole_CreateQuizSessions@6f4adaab]" name="setUpEventModel" duration-ms="9367" started-at="2020-01-22T14:50:13Z" finished-at="2020-01-22T14:50:22Z">
          <reporter-output>
          </reporter-output>
        </test-method> <!-- setUpEventModel -->
        <test-method status="PASS" signature="createSessionWithPollQuestions()[pri:2, instance:com.PigeonHole.RegressionScripts.PigeonHole_CreateQuizSessions@6f4adaab]" name="createSessionWithPollQuestions" duration-ms="71825" started-at="2020-01-22T14:50:22Z" finished-at="2020-01-22T14:51:34Z">
          <reporter-output>
          </reporter-output>
        </test-method> <!-- createSessionWithPollQuestions -->
        <test-method status="PASS" signature="ValidateSessionInAWSPage()[pri:3, instance:com.PigeonHole.RegressionScripts.PigeonHole_CreateQuizSessions@6f4adaab]" name="ValidateSessionInAWSPage" duration-ms="20459" started-at="2020-01-22T14:51:34Z" finished-at="2020-01-22T14:51:55Z">
          <reporter-output>
          </reporter-output>
        </test-method> <!-- ValidateSessionInAWSPage -->
        <test-method status="PASS" signature="ValidateSessionInAdminPannel()[pri:4, instance:com.PigeonHole.RegressionScripts.PigeonHole_CreateQuizSessions@6f4adaab]" name="ValidateSessionInAdminPannel" duration-ms="20258" started-at="2020-01-22T14:51:55Z" finished-at="2020-01-22T14:52:15Z">
          <reporter-output>
          </reporter-output>
        </test-method> <!-- ValidateSessionInAdminPannel -->
        <test-method status="PASS" signature="ValidateSessionInProjectorPannel()[pri:5, instance:com.PigeonHole.RegressionScripts.PigeonHole_CreateQuizSessions@6f4adaab]" name="ValidateSessionInProjectorPannel" duration-ms="22224" started-at="2020-01-22T14:52:15Z" finished-at="2020-01-22T14:52:37Z">
          <reporter-output>
          </reporter-output>
        </test-method> <!-- ValidateSessionInProjectorPannel -->
        <test-method status="PASS" signature="ValidateParticipantsInAdminpanel()[pri:6, instance:com.PigeonHole.RegressionScripts.PigeonHole_CreateQuizSessions@6f4adaab]" name="ValidateParticipantsInAdminpanel" duration-ms="12214" started-at="2020-01-22T14:52:37Z" finished-at="2020-01-22T14:52:49Z">
          <reporter-output>
          </reporter-output>
        </test-method> <!-- ValidateParticipantsInAdminpanel -->
        <test-method status="PASS" signature="ValidateParticipantsInProjectorpanel()[pri:7, instance:com.PigeonHole.RegressionScripts.PigeonHole_CreateQuizSessions@6f4adaab]" name="ValidateParticipantsInProjectorpanel" duration-ms="8127" started-at="2020-01-22T14:52:49Z" finished-at="2020-01-22T14:52:57Z">
          <reporter-output>
          </reporter-output>
        </test-method> <!-- ValidateParticipantsInProjectorpanel -->
        <test-method status="PASS" signature="StartQuizAndSeeCountdownInAdminpanel()[pri:8, instance:com.PigeonHole.RegressionScripts.PigeonHole_CreateQuizSessions@6f4adaab]" name="StartQuizAndSeeCountdownInAdminpanel" duration-ms="6135" started-at="2020-01-22T14:52:57Z" finished-at="2020-01-22T14:53:03Z">
          <reporter-output>
          </reporter-output>
        </test-method> <!-- StartQuizAndSeeCountdownInAdminpanel -->
        <test-method status="PASS" signature="AnswerTheFirstQuestion()[pri:9, instance:com.PigeonHole.RegressionScripts.PigeonHole_CreateQuizSessions@6f4adaab]" name="AnswerTheFirstQuestion" duration-ms="10164" started-at="2020-01-22T14:53:03Z" finished-at="2020-01-22T14:53:14Z">
          <reporter-output>
          </reporter-output>
        </test-method> <!-- AnswerTheFirstQuestion -->
        <test-method status="PASS" signature="ValidateAdminpanelScore()[pri:10, instance:com.PigeonHole.RegressionScripts.PigeonHole_CreateQuizSessions@6f4adaab]" name="ValidateAdminpanelScore" duration-ms="28194" started-at="2020-01-22T14:53:14Z" finished-at="2020-01-22T14:53:42Z">
          <reporter-output>
          </reporter-output>
        </test-method> <!-- ValidateAdminpanelScore -->
        <test-method status="PASS" signature="ValidateProjectorpanelScore()[pri:11, instance:com.PigeonHole.RegressionScripts.PigeonHole_CreateQuizSessions@6f4adaab]" name="ValidateProjectorpanelScore" duration-ms="6120" started-at="2020-01-22T14:53:42Z" finished-at="2020-01-22T14:53:48Z">
          <reporter-output>
          </reporter-output>
        </test-method> <!-- ValidateProjectorpanelScore -->
        <test-method status="PASS" signature="AnswerSecondQuestionAndValidateFinalScoreInAWAPage()[pri:12, instance:com.PigeonHole.RegressionScripts.PigeonHole_CreateQuizSessions@6f4adaab]" name="AnswerSecondQuestionAndValidateFinalScoreInAWAPage" duration-ms="69174" started-at="2020-01-22T14:53:48Z" finished-at="2020-01-22T14:54:57Z">
          <reporter-output>
          </reporter-output>
        </test-method> <!-- AnswerSecondQuestionAndValidateFinalScoreInAWAPage -->
        <test-method status="PASS" signature="ValidateFinalScoreInAdminpanel()[pri:13, instance:com.PigeonHole.RegressionScripts.PigeonHole_CreateQuizSessions@6f4adaab]" name="ValidateFinalScoreInAdminpanel" duration-ms="9072" started-at="2020-01-22T14:54:57Z" finished-at="2020-01-22T14:55:06Z">
          <reporter-output>
          </reporter-output>
        </test-method> <!-- ValidateFinalScoreInAdminpanel -->
        <test-method status="PASS" signature="ValidateFinalScoreInProjectorpanel()[pri:14, instance:com.PigeonHole.RegressionScripts.PigeonHole_CreateQuizSessions@6f4adaab]" name="ValidateFinalScoreInProjectorpanel" duration-ms="13067" started-at="2020-01-22T14:55:06Z" finished-at="2020-01-22T14:55:19Z">
          <reporter-output>
          </reporter-output>
        </test-method> <!-- ValidateFinalScoreInProjectorpanel -->
        <test-method status="PASS" signature="quitDriversession()[pri:0, instance:com.PigeonHole.RegressionScripts.PigeonHole_CreateQuizSessions@6f4adaab]" name="quitDriversession" is-config="true" duration-ms="1095" started-at="2020-01-22T14:55:19Z" finished-at="2020-01-22T14:55:20Z">
          <reporter-output>
          </reporter-output>
        </test-method> <!-- quitDriversession -->
      </class> <!-- com.PigeonHole.RegressionScripts.PigeonHole_CreateQuizSessions -->
    </test> <!-- CreateQuizSessions_Test -->
  </suite> <!-- PigeonHole -->
</testng-results>
